<?xml version="1.0" encoding="UTF-8"?>
<testng-results skipped="0" failed="0" ignored="0" total="1" passed="1">
  <reporter-output>
  </reporter-output>
  <suite name="Happy Suite" duration-ms="58832" started-at="2019-03-06T11:44:29Z" finished-at="2019-03-06T11:45:28Z">
    <groups>
    </groups>
    <test name="Signup Tests" duration-ms="58832" started-at="2019-03-06T11:44:29Z" finished-at="2019-03-06T11:45:28Z">
      <class name="GmailSignupTest.mainTest">
        <test-method status="PASS" signature="setup()[pri:0, instance:GmailSignupTest.mainTest@47c62251]" name="setup" is-config="true" duration-ms="8469" started-at="2019-03-06T11:44:29Z" finished-at="2019-03-06T11:44:38Z">
          <reporter-output>
          </reporter-output>
        </test-method> <!-- setup -->
        <test-method status="PASS" signature="signUp()[pri:0, instance:GmailSignupTest.mainTest@47c62251]" name="signUp" duration-ms="48025" started-at="2019-03-06T11:44:38Z" finished-at="2019-03-06T11:45:26Z">
          <reporter-output>
          </reporter-output>
        </test-method> <!-- signUp -->
        <test-method status="PASS" signature="closeDriver()[pri:0, instance:GmailSignupTest.mainTest@47c62251]" name="closeDriver" is-config="true" duration-ms="2307" started-at="2019-03-06T11:45:26Z" finished-at="2019-03-06T11:45:28Z">
          <reporter-output>
          </reporter-output>
        </test-method> <!-- closeDriver -->
      </class> <!-- GmailSignupTest.mainTest -->
    </test> <!-- Signup Tests -->
  </suite> <!-- Happy Suite -->
</testng-results>
